c:\users\28dav\source\repos\ie-karma\planetas_iv\x64\debug\vc143.pdb
c:\users\28dav\source\repos\ie-karma\planetas_iv\x64\debug\vc143.idb
c:\users\28dav\source\repos\ie-karma\planetas_iv\x64\debug\system.obj
c:\users\28dav\source\repos\ie-karma\planetas_iv\x64\debug\spatialhashing.obj
c:\users\28dav\source\repos\ie-karma\planetas_iv\x64\debug\spaceship.obj
c:\users\28dav\source\repos\ie-karma\planetas_iv\x64\debug\shader.obj
c:\users\28dav\source\repos\ie-karma\planetas_iv\x64\debug\scene.obj
c:\users\28dav\source\repos\ie-karma\planetas_iv\x64\debug\render.obj
c:\users\28dav\source\repos\ie-karma\planetas_iv\x64\debug\object.obj
c:\users\28dav\source\repos\ie-karma\planetas_iv\x64\debug\mesh.obj
c:\users\28dav\source\repos\ie-karma\planetas_iv\x64\debug\main.obj
c:\users\28dav\source\repos\ie-karma\planetas_iv\x64\debug\inputmanager.obj
c:\users\28dav\source\repos\ie-karma\planetas_iv\x64\debug\icosahedron.obj
c:\users\28dav\source\repos\ie-karma\planetas_iv\x64\debug\icos.obj
c:\users\28dav\source\repos\ie-karma\planetas_iv\x64\debug\enemy.obj
c:\users\28dav\source\repos\ie-karma\planetas_iv\x64\debug\cube.obj
c:\users\28dav\source\repos\ie-karma\planetas_iv\x64\debug\collider.obj
c:\users\28dav\source\repos\ie-karma\planetas_iv\x64\debug\camera.obj
c:\users\28dav\source\repos\ie-karma\planetas_iv\x64\debug\bullet.obj
c:\users\28dav\source\repos\ie-karma\planetas_iv\x64\debug\proggraf.exe
c:\users\28dav\source\repos\ie-karma\planetas_iv\x64\debug\proggraf.ilk
c:\users\28dav\source\repos\ie-karma\planetas_iv\x64\debug\proggraf.pdb
c:\users\28dav\source\repos\ie-karma\planetas_iv\x64\debug\proggraf.tlog\cl.command.1.tlog
c:\users\28dav\source\repos\ie-karma\planetas_iv\x64\debug\proggraf.tlog\cl.read.1.tlog
c:\users\28dav\source\repos\ie-karma\planetas_iv\x64\debug\proggraf.tlog\cl.write.1.tlog
c:\users\28dav\source\repos\ie-karma\planetas_iv\x64\debug\proggraf.tlog\link.command.1.tlog
c:\users\28dav\source\repos\ie-karma\planetas_iv\x64\debug\proggraf.tlog\link.read.1.tlog
c:\users\28dav\source\repos\ie-karma\planetas_iv\x64\debug\proggraf.tlog\link.write.1.tlog
