  bullet.cpp
  collider.cpp
C:\Users\28dav\source\repos\Ie-Karma\Planetas_IV\collider.cpp(33,35): warning C4267: 'initializing': conversion from 'size_t' to 'int', possible loss of data
C:\Users\28dav\source\repos\Ie-Karma\Planetas_IV\collider.cpp(63,48): warning C4267: 'initializing': conversion from 'size_t' to 'int', possible loss of data
  cube.cpp
  enemy.cpp
  icosahedron.cpp
  main.cpp
  mesh.cpp
C:\Users\28dav\source\repos\Ie-Karma\Planetas_IV\mesh.cpp(42,23): warning C4244: 'initializing': conversion from 'double' to 'float', possible loss of data
C:\Users\28dav\source\repos\Ie-Karma\Planetas_IV\mesh.cpp(42,17): warning C4244: 'initializing': conversion from 'double' to 'const float', possible loss of data
C:\Users\28dav\source\repos\Ie-Karma\Planetas_IV\mesh.cpp(112,41): warning C4267: '=': conversion from 'size_t' to 'int', possible loss of data
C:\Users\28dav\source\repos\Ie-Karma\Planetas_IV\mesh.cpp(47,10): warning C4101: 'i2': unreferenced local variable
C:\Users\28dav\source\repos\Ie-Karma\Planetas_IV\mesh.cpp(47,6): warning C4101: 'i1': unreferenced local variable
C:\Users\28dav\source\repos\Ie-Karma\Planetas_IV\mesh.cpp(62,16): warning C4101: 'v2': unreferenced local variable
C:\Users\28dav\source\repos\Ie-Karma\Planetas_IV\mesh.cpp(62,12): warning C4101: 'v1': unreferenced local variable
C:\Users\28dav\source\repos\Ie-Karma\Planetas_IV\mesh.cpp(401,52): warning C4267: '=': conversion from 'size_t' to 'int', possible loss of data
  object.cpp
  render.cpp
C:\Users\28dav\source\repos\Ie-Karma\Planetas_IV\render.cpp(104,83): warning C4267: 'argument': conversion from 'size_t' to 'GLsizei', possible loss of data
  scene.cpp
C:\Users\28dav\source\repos\Ie-Karma\Planetas_IV\scene.cpp(108,12): warning C4244: 'initializing': conversion from 'T' to 'int', possible loss of data
          with
          [
              T=float
          ]
C:\Users\28dav\source\repos\Ie-Karma\Planetas_IV\scene.cpp(109,12): warning C4244: 'initializing': conversion from 'T' to 'int', possible loss of data
          with
          [
              T=float
          ]
  spaceShip.cpp
  spatialHashing.cpp
C:\Users\28dav\source\repos\Ie-Karma\Planetas_IV\spatialHashing.cpp(41,13): warning C4244: 'initializing': conversion from 'T' to 'int', possible loss of data
          with
          [
              T=float
          ]
C:\Users\28dav\source\repos\Ie-Karma\Planetas_IV\spatialHashing.cpp(42,13): warning C4244: 'initializing': conversion from 'T' to 'int', possible loss of data
          with
          [
              T=float
          ]
  system.cpp
  Generating Code...
  ProgGraf.vcxproj -> C:\Users\28dav\source\repos\Ie-Karma\Planetas_IV\x64\Debug\ProgGraf.exe
