inputManager.obj : error LNK2001: símbolo externo _glfwSetKeyCallback sin resolver
main.obj : error LNK2001: símbolo externo _glfwSwapBuffers sin resolver
main.obj : error LNK2001: símbolo externo _glfwGetTime sin resolver
main.obj : error LNK2001: símbolo externo _glfwPollEvents sin resolver
main.obj : error LNK2001: símbolo externo _glfwInit sin resolver
main.obj : error LNK2001: símbolo externo _glfwCreateWindow sin resolver
main.obj : error LNK2001: símbolo externo _glfwWindowHint sin resolver
main.obj : error LNK2001: símbolo externo _glfwMakeContextCurrent sin resolver
main.obj : error LNK2001: símbolo externo _glfwSetWindowTitle sin resolver
main.obj : error LNK2001: símbolo externo _glfwWindowShouldClose sin resolver
main.obj : error LNK2001: símbolo externo _glewInit@0 sin resolver
render.obj : error LNK2001: símbolo externo ___glewEnableVertexAttribArray sin resolver
render.obj : error LNK2001: símbolo externo ___glewBindVertexArray sin resolver
render.obj : error LNK2001: símbolo externo ___glewUseProgram sin resolver
render.obj : error LNK2001: símbolo externo ___glewVertexAttribPointer sin resolver
render.obj : error LNK2001: símbolo externo ___glewBindBuffer sin resolver
render.obj : error LNK2001: símbolo externo ___glewUniform1i sin resolver
render.obj : error LNK2001: símbolo externo ___glewBufferData sin resolver
render.obj : error LNK2001: símbolo externo ___glewGenVertexArrays sin resolver
render.obj : error LNK2001: símbolo externo ___glewUniformMatrix4fv sin resolver
render.obj : error LNK2001: símbolo externo ___glewGenBuffers sin resolver
render.obj : error LNK2001: símbolo externo ___glewUniform4fv sin resolver
shader.obj : error LNK2001: símbolo externo ___glewGetShaderiv sin resolver
shader.obj : error LNK2001: símbolo externo ___glewCompileShader sin resolver
shader.obj : error LNK2001: símbolo externo ___glewCreateShader sin resolver
shader.obj : error LNK2001: símbolo externo ___glewCreateProgram sin resolver
shader.obj : error LNK2001: símbolo externo ___glewGetProgramiv sin resolver
shader.obj : error LNK2001: símbolo externo ___glewAttachShader sin resolver
shader.obj : error LNK2001: símbolo externo ___glewShaderSource sin resolver
shader.obj : error LNK2001: símbolo externo ___glewGetProgramInfoLog sin resolver
shader.obj : error LNK2001: símbolo externo ___glewLinkProgram sin resolver
texture.obj : error LNK2001: símbolo externo ___glewActiveTexture sin resolver
C:\Users\28dav\Desktop\Planetas_IV\Release\ProgGraf.exe : fatal error LNK1120: 32 externos sin resolver
